<?xml version="1.0" encoding="UTF-8"?>
<!-- Generated by org.testng.reporters.JUnitXMLReporter -->
<testsuite ignored="0" hostname="DESKTOP-ALIH8F5" failures="0" tests="6" name="ChromeTest(failed)" time="43.835" errors="0" timestamp="2023-02-09T22:06:00 IST">
  <testcase classname="redBusTestNG.RedBusHomePageTestNGSuite2" name="@BeforeMethod redBusHomePage" time="21.368">
    <failure type="org.openqa.selenium.WebDriverException" message="unknown error: net::ERR_CONNECTION_TIMED_OUT
  (Session info: MicrosoftEdge=106.0.1370.47)
Build info: version: &amp;apos;3.141.59&amp;apos;, revision: &amp;apos;e82be7d358&amp;apos;, time: &amp;apos;2018-11-14T08:17:03&amp;apos;
System info: host: &amp;apos;DESKTOP-ALIH8F5&amp;apos;, ip: &amp;apos;192.168.71.59&amp;apos;, os.name: &amp;apos;Windows 10&amp;apos;, os.arch: &amp;apos;amd64&amp;apos;, os.version: &amp;apos;10.0&amp;apos;, java.version: &amp;apos;18.0.2.1&amp;apos;
Driver info: org.openqa.selenium.edge.EdgeDriver
Capabilities {acceptInsecureCerts: false, browserName: msedge, browserVersion: 106.0.1370.47, javascriptEnabled: true, ms:edgeOptions: {debuggerAddress: localhost:49887}, msedge: {msedgedriverVersion: 106.0.1370.47 (4e0bb7311a0a..., userDataDir: C:\Users\devad\AppData\Loca...}, networkConnectionEnabled: false, pageLoadStrategy: normal, platform: WINDOWS, platformName: WINDOWS, proxy: Proxy(), setWindowRect: true, strictFileInteractability: false, timeouts: {implicit: 0, pageLoad: 300000, script: 30000}, unhandledPromptBehavior: dismiss and notify, webauthn:extension:credBlob: true, webauthn:extension:largeBlob: true, webauthn:virtualAuthenticators: true}
Session ID: f3df87cd4757c55c52e4d776fcbe6795">
      <![CDATA[org.openqa.selenium.WebDriverException: unknown error: net::ERR_CONNECTION_TIMED_OUT
  (Session info: MicrosoftEdge=106.0.1370.47)
Build info: version: '3.141.59', revision: 'e82be7d358', time: '2018-11-14T08:17:03'
System info: host: 'DESKTOP-ALIH8F5', ip: '192.168.71.59', os.name: 'Windows 10', os.arch: 'amd64', os.version: '10.0', java.version: '18.0.2.1'
Driver info: org.openqa.selenium.edge.EdgeDriver
Capabilities {acceptInsecureCerts: false, browserName: msedge, browserVersion: 106.0.1370.47, javascriptEnabled: true, ms:edgeOptions: {debuggerAddress: localhost:49887}, msedge: {msedgedriverVersion: 106.0.1370.47 (4e0bb7311a0a..., userDataDir: C:\Users\devad\AppData\Loca...}, networkConnectionEnabled: false, pageLoadStrategy: normal, platform: WINDOWS, platformName: WINDOWS, proxy: Proxy(), setWindowRect: true, strictFileInteractability: false, timeouts: {implicit: 0, pageLoad: 300000, script: 30000}, unhandledPromptBehavior: dismiss and notify, webauthn:extension:credBlob: true, webauthn:extension:largeBlob: true, webauthn:virtualAuthenticators: true}
Session ID: f3df87cd4757c55c52e4d776fcbe6795
at org.openqa.selenium.remote.http.W3CHttpResponseCodec.createException(W3CHttpResponseCodec.java:187)
at org.openqa.selenium.remote.http.W3CHttpResponseCodec.decode(W3CHttpResponseCodec.java:122)
at org.openqa.selenium.remote.http.W3CHttpResponseCodec.decode(W3CHttpResponseCodec.java:49)
at org.openqa.selenium.remote.HttpCommandExecutor.execute(HttpCommandExecutor.java:158)
at org.openqa.selenium.remote.service.DriverCommandExecutor.execute(DriverCommandExecutor.java:83)
at org.openqa.selenium.remote.RemoteWebDriver.execute(RemoteWebDriver.java:552)
at org.openqa.selenium.remote.RemoteWebDriver.get(RemoteWebDriver.java:277)
at redBusTestNG.RedBusHomePageTestNGSuite2.redBusHomePage(RedBusHomePageTestNGSuite2.java:72)
at java.base/java.util.concurrent.ThreadPoolExecutor.runWorker(ThreadPoolExecutor.java:1136)
at java.base/java.util.concurrent.ThreadPoolExecutor$Worker.run(ThreadPoolExecutor.java:635)
at java.base/java.lang.Thread.run(Thread.java:833)
... Removed 17 stack frames]]>
    </failure>
  </testcase> <!-- @BeforeMethod redBusHomePage -->
  <testcase classname="redBusTestNG.RedBusHomePageTestNGSuite2" name="@AfterMethod goTOHomePage" time="-1.675960544437E9">
    <skipped/>
  </testcase> <!-- @AfterMethod goTOHomePage -->
  <testcase classname="redBusTestNG.RedBusHomePageTestNGSuite2" name="@BeforeMethod redBusHomePage" time="-1.67596054444E9">
    <skipped/>
  </testcase> <!-- @BeforeMethod redBusHomePage -->
  <testcase classname="redBusTestNG.RedBusHomePageTestNGSuite2" name="@AfterMethod goTOHomePage" time="-1.675960544444E9">
    <skipped/>
  </testcase> <!-- @AfterMethod goTOHomePage -->
  <testcase classname="redBusTestNG.RedBusHomePageTestNGSuite2" name="@BeforeMethod redBusHomePage" time="-1.675960544447E9">
    <skipped/>
  </testcase> <!-- @BeforeMethod redBusHomePage -->
  <testcase classname="redBusTestNG.RedBusHomePageTestNGSuite2" name="@AfterMethod goTOHomePage" time="-1.675960544453E9">
    <skipped/>
  </testcase> <!-- @AfterMethod goTOHomePage -->
  <testcase classname="redBusTestNG.RedBusHomePageTestNGSuite2" name="@AfterClass clearPOMObj" time="-1.675960544455E9">
    <skipped/>
  </testcase> <!-- @AfterClass clearPOMObj -->
  <testcase classname="redBusTestNG.RedBusHomePageTestNGSuite1" name="@BeforeMethod redBusHomePage" time="36.729">
    <failure type="org.openqa.selenium.WebDriverException" message="java.net.ConnectException: Failed to connect to localhost/[0:0:0:0:0:0:0:1]:2061
Build info: version: &amp;apos;3.141.59&amp;apos;, revision: &amp;apos;e82be7d358&amp;apos;, time: &amp;apos;2018-11-14T08:17:03&amp;apos;
System info: host: &amp;apos;DESKTOP-ALIH8F5&amp;apos;, ip: &amp;apos;192.168.71.59&amp;apos;, os.name: &amp;apos;Windows 10&amp;apos;, os.arch: &amp;apos;amd64&amp;apos;, os.version: &amp;apos;10.0&amp;apos;, java.version: &amp;apos;18.0.2.1&amp;apos;
Driver info: driver.version: RemoteWebDriver">
      <![CDATA[org.openqa.selenium.WebDriverException: java.net.ConnectException: Failed to connect to localhost/[0:0:0:0:0:0:0:1]:2061
Build info: version: '3.141.59', revision: 'e82be7d358', time: '2018-11-14T08:17:03'
System info: host: 'DESKTOP-ALIH8F5', ip: '192.168.71.59', os.name: 'Windows 10', os.arch: 'amd64', os.version: '10.0', java.version: '18.0.2.1'
Driver info: driver.version: RemoteWebDriver
at org.openqa.selenium.remote.service.DriverCommandExecutor.execute(DriverCommandExecutor.java:92)
at org.openqa.selenium.remote.RemoteWebDriver.execute(RemoteWebDriver.java:552)
at org.openqa.selenium.remote.RemoteWebDriver.get(RemoteWebDriver.java:277)
at redBusTestNG.RedBusHomePageTestNGSuite1.redBusHomePage(RedBusHomePageTestNGSuite1.java:74)
at java.base/java.util.concurrent.ThreadPoolExecutor.runWorker(ThreadPoolExecutor.java:1136)
at java.base/java.util.concurrent.ThreadPoolExecutor$Worker.run(ThreadPoolExecutor.java:635)
at java.base/java.lang.Thread.run(Thread.java:833)
Caused by: java.net.ConnectException: Failed to connect to localhost/[0:0:0:0:0:0:0:1]:2061
at okhttp3.internal.connection.RealConnection.connectSocket(RealConnection.java:247)
at okhttp3.internal.connection.RealConnection.connect(RealConnection.java:165)
at okhttp3.internal.connection.StreamAllocation.findConnection(StreamAllocation.java:257)
at okhttp3.internal.connection.StreamAllocation.findHealthyConnection(StreamAllocation.java:135)
at okhttp3.internal.connection.StreamAllocation.newStream(StreamAllocation.java:114)
at okhttp3.internal.connection.ConnectInterceptor.intercept(ConnectInterceptor.java:42)
at okhttp3.internal.http.RealInterceptorChain.proceed(RealInterceptorChain.java:147)
at okhttp3.internal.http.RealInterceptorChain.proceed(RealInterceptorChain.java:121)
at okhttp3.internal.cache.CacheInterceptor.intercept(CacheInterceptor.java:93)
at okhttp3.internal.http.RealInterceptorChain.proceed(RealInterceptorChain.java:147)
at okhttp3.internal.http.RealInterceptorChain.proceed(RealInterceptorChain.java:121)
at okhttp3.internal.http.BridgeInterceptor.intercept(BridgeInterceptor.java:93)
at okhttp3.internal.http.RealInterceptorChain.proceed(RealInterceptorChain.java:147)
at okhttp3.internal.http.RetryAndFollowUpInterceptor.intercept(RetryAndFollowUpInterceptor.java:126)
at okhttp3.internal.http.RealInterceptorChain.proceed(RealInterceptorChain.java:147)
at okhttp3.internal.http.RealInterceptorChain.proceed(RealInterceptorChain.java:121)
at okhttp3.RealCall.getResponseWithInterceptorChain(RealCall.java:200)
at okhttp3.RealCall.execute(RealCall.java:77)
at org.openqa.selenium.remote.internal.OkHttpClient.execute(OkHttpClient.java:103)
at org.openqa.selenium.remote.HttpCommandExecutor.execute(HttpCommandExecutor.java:155)
at org.openqa.selenium.remote.service.DriverCommandExecutor.execute(DriverCommandExecutor.java:83)
... 20 more
Caused by: java.net.ConnectException: Connection refused: no further information
at java.base/sun.nio.ch.Net.pollConnect(Native Method)
at java.base/sun.nio.ch.Net.pollConnectNow(Net.java:672)
at java.base/sun.nio.ch.NioSocketImpl.timedFinishConnect(NioSocketImpl.java:539)
at java.base/sun.nio.ch.NioSocketImpl.connect(NioSocketImpl.java:594)
at java.base/java.net.SocksSocketImpl.connect(SocksSocketImpl.java:327)
at java.base/java.net.Socket.connect(Socket.java:633)
at okhttp3.internal.platform.Platform.connectSocket(Platform.java:129)
at okhttp3.internal.connection.RealConnection.connectSocket(RealConnection.java:245)
... 40 more
... Removed 14 stack frames]]>
    </failure>
  </testcase> <!-- @BeforeMethod redBusHomePage -->
  <testcase classname="redBusTestNG.RedBusHomePageTestNGSuite1" name="@AfterMethod goTOHomePage" time="-1.675960559787E9">
    <skipped/>
  </testcase> <!-- @AfterMethod goTOHomePage -->
  <testcase classname="redBusTestNG.RedBusHomePageTestNGSuite1" name="@BeforeMethod redBusHomePage" time="-1.675960559788E9">
    <skipped/>
  </testcase> <!-- @BeforeMethod redBusHomePage -->
  <testcase classname="redBusTestNG.RedBusHomePageTestNGSuite1" name="@AfterMethod goTOHomePage" time="-1.675960559791E9">
    <skipped/>
  </testcase> <!-- @AfterMethod goTOHomePage -->
  <testcase classname="redBusTestNG.RedBusHomePageTestNGSuite1" name="@BeforeMethod redBusHomePage" time="-1.675960559792E9">
    <skipped/>
  </testcase> <!-- @BeforeMethod redBusHomePage -->
  <testcase classname="redBusTestNG.RedBusHomePageTestNGSuite1" name="@AfterMethod goTOHomePage" time="-1.675960559796E9">
    <skipped/>
  </testcase> <!-- @AfterMethod goTOHomePage -->
  <testcase classname="redBusTestNG.RedBusHomePageTestNGSuite1" name="@AfterClass clearPOMObj" time="-1.675960559797E9">
    <skipped/>
  </testcase> <!-- @AfterClass clearPOMObj -->
  <testcase classname="redBusTestNG.RedBusHomePageTestNGSuite1" name="@AfterTest closedBrowser" time="-1.675960559798E9">
    <skipped/>
  </testcase> <!-- @AfterTest closedBrowser -->
  <testcase classname="redBusTestNG.RedBusHomePageTestNGSuite2" name="@AfterTest closedBrowser" time="-1.6759605598E9">
    <skipped/>
  </testcase> <!-- @AfterTest closedBrowser -->
  <testcase classname="redBusTestNG.RedBusHomePageTestNGSuite2" name="@BeforeMethod redBusHomePage" time="41.206">
    <failure type="org.openqa.selenium.WebDriverException" message="java.net.ConnectException: Failed to connect to localhost/[0:0:0:0:0:0:0:1]:31871
Build info: version: &amp;apos;3.141.59&amp;apos;, revision: &amp;apos;e82be7d358&amp;apos;, time: &amp;apos;2018-11-14T08:17:03&amp;apos;
System info: host: &amp;apos;DESKTOP-ALIH8F5&amp;apos;, ip: &amp;apos;192.168.71.59&amp;apos;, os.name: &amp;apos;Windows 10&amp;apos;, os.arch: &amp;apos;amd64&amp;apos;, os.version: &amp;apos;10.0&amp;apos;, java.version: &amp;apos;18.0.2.1&amp;apos;
Driver info: driver.version: RemoteWebDriver">
      <![CDATA[org.openqa.selenium.WebDriverException: java.net.ConnectException: Failed to connect to localhost/[0:0:0:0:0:0:0:1]:31871
Build info: version: '3.141.59', revision: 'e82be7d358', time: '2018-11-14T08:17:03'
System info: host: 'DESKTOP-ALIH8F5', ip: '192.168.71.59', os.name: 'Windows 10', os.arch: 'amd64', os.version: '10.0', java.version: '18.0.2.1'
Driver info: driver.version: RemoteWebDriver
at org.openqa.selenium.remote.service.DriverCommandExecutor.execute(DriverCommandExecutor.java:92)
at org.openqa.selenium.remote.RemoteWebDriver.execute(RemoteWebDriver.java:552)
at org.openqa.selenium.remote.RemoteWebDriver.get(RemoteWebDriver.java:277)
at redBusTestNG.RedBusHomePageTestNGSuite2.redBusHomePage(RedBusHomePageTestNGSuite2.java:72)
at java.base/java.util.concurrent.ThreadPoolExecutor.runWorker(ThreadPoolExecutor.java:1136)
at java.base/java.util.concurrent.ThreadPoolExecutor$Worker.run(ThreadPoolExecutor.java:635)
at java.base/java.lang.Thread.run(Thread.java:833)
Caused by: java.net.ConnectException: Failed to connect to localhost/[0:0:0:0:0:0:0:1]:31871
at okhttp3.internal.connection.RealConnection.connectSocket(RealConnection.java:247)
at okhttp3.internal.connection.RealConnection.connect(RealConnection.java:165)
at okhttp3.internal.connection.StreamAllocation.findConnection(StreamAllocation.java:257)
at okhttp3.internal.connection.StreamAllocation.findHealthyConnection(StreamAllocation.java:135)
at okhttp3.internal.connection.StreamAllocation.newStream(StreamAllocation.java:114)
at okhttp3.internal.connection.ConnectInterceptor.intercept(ConnectInterceptor.java:42)
at okhttp3.internal.http.RealInterceptorChain.proceed(RealInterceptorChain.java:147)
at okhttp3.internal.http.RealInterceptorChain.proceed(RealInterceptorChain.java:121)
at okhttp3.internal.cache.CacheInterceptor.intercept(CacheInterceptor.java:93)
at okhttp3.internal.http.RealInterceptorChain.proceed(RealInterceptorChain.java:147)
at okhttp3.internal.http.RealInterceptorChain.proceed(RealInterceptorChain.java:121)
at okhttp3.internal.http.BridgeInterceptor.intercept(BridgeInterceptor.java:93)
at okhttp3.internal.http.RealInterceptorChain.proceed(RealInterceptorChain.java:147)
at okhttp3.internal.http.RetryAndFollowUpInterceptor.intercept(RetryAndFollowUpInterceptor.java:126)
at okhttp3.internal.http.RealInterceptorChain.proceed(RealInterceptorChain.java:147)
at okhttp3.internal.http.RealInterceptorChain.proceed(RealInterceptorChain.java:121)
at okhttp3.RealCall.getResponseWithInterceptorChain(RealCall.java:200)
at okhttp3.RealCall.execute(RealCall.java:77)
at org.openqa.selenium.remote.internal.OkHttpClient.execute(OkHttpClient.java:103)
at org.openqa.selenium.remote.HttpCommandExecutor.execute(HttpCommandExecutor.java:155)
at org.openqa.selenium.remote.service.DriverCommandExecutor.execute(DriverCommandExecutor.java:83)
... 20 more
Caused by: java.net.ConnectException: Connection refused: no further information
at java.base/sun.nio.ch.Net.pollConnect(Native Method)
at java.base/sun.nio.ch.Net.pollConnectNow(Net.java:672)
at java.base/sun.nio.ch.NioSocketImpl.timedFinishConnect(NioSocketImpl.java:539)
at java.base/sun.nio.ch.NioSocketImpl.connect(NioSocketImpl.java:594)
at java.base/java.net.SocksSocketImpl.connect(SocksSocketImpl.java:327)
at java.base/java.net.Socket.connect(Socket.java:633)
at okhttp3.internal.platform.Platform.connectSocket(Platform.java:129)
at okhttp3.internal.connection.RealConnection.connectSocket(RealConnection.java:245)
... 40 more
... Removed 14 stack frames]]>
    </failure>
  </testcase> <!-- @BeforeMethod redBusHomePage -->
  <testcase classname="redBusTestNG.RedBusHomePageTestNGSuite2" name="@AfterMethod goTOHomePage" time="-1.675960560568E9">
    <skipped/>
  </testcase> <!-- @AfterMethod goTOHomePage -->
  <testcase classname="redBusTestNG.RedBusHomePageTestNGSuite2" name="@BeforeMethod redBusHomePage" time="-1.675960560569E9">
    <skipped/>
  </testcase> <!-- @BeforeMethod redBusHomePage -->
  <testcase classname="redBusTestNG.RedBusHomePageTestNGSuite2" name="@AfterMethod goTOHomePage" time="-1.675960560571E9">
    <skipped/>
  </testcase> <!-- @AfterMethod goTOHomePage -->
  <testcase classname="redBusTestNG.RedBusHomePageTestNGSuite2" name="@BeforeMethod redBusHomePage" time="-1.675960560572E9">
    <skipped/>
  </testcase> <!-- @BeforeMethod redBusHomePage -->
  <testcase classname="redBusTestNG.RedBusHomePageTestNGSuite2" name="@AfterMethod goTOHomePage" time="-1.675960560574E9">
    <skipped/>
  </testcase> <!-- @AfterMethod goTOHomePage -->
  <testcase classname="redBusTestNG.RedBusHomePageTestNGSuite2" name="@AfterClass clearPOMObj" time="-1.675960560575E9">
    <skipped/>
  </testcase> <!-- @AfterClass clearPOMObj -->
  <testcase classname="redBusTestNG.RedBusHomePageTestNGSuite1" name="@BeforeMethod redBusHomePage" time="41.495">
    <failure type="org.openqa.selenium.WebDriverException" message="java.net.ConnectException: Failed to connect to localhost/[0:0:0:0:0:0:0:1]:37911
Build info: version: &amp;apos;3.141.59&amp;apos;, revision: &amp;apos;e82be7d358&amp;apos;, time: &amp;apos;2018-11-14T08:17:03&amp;apos;
System info: host: &amp;apos;DESKTOP-ALIH8F5&amp;apos;, ip: &amp;apos;192.168.71.59&amp;apos;, os.name: &amp;apos;Windows 10&amp;apos;, os.arch: &amp;apos;amd64&amp;apos;, os.version: &amp;apos;10.0&amp;apos;, java.version: &amp;apos;18.0.2.1&amp;apos;
Driver info: driver.version: RemoteWebDriver">
      <![CDATA[org.openqa.selenium.WebDriverException: java.net.ConnectException: Failed to connect to localhost/[0:0:0:0:0:0:0:1]:37911
Build info: version: '3.141.59', revision: 'e82be7d358', time: '2018-11-14T08:17:03'
System info: host: 'DESKTOP-ALIH8F5', ip: '192.168.71.59', os.name: 'Windows 10', os.arch: 'amd64', os.version: '10.0', java.version: '18.0.2.1'
Driver info: driver.version: RemoteWebDriver
at org.openqa.selenium.remote.service.DriverCommandExecutor.execute(DriverCommandExecutor.java:92)
at org.openqa.selenium.remote.RemoteWebDriver.execute(RemoteWebDriver.java:552)
at org.openqa.selenium.remote.RemoteWebDriver.get(RemoteWebDriver.java:277)
at redBusTestNG.RedBusHomePageTestNGSuite1.redBusHomePage(RedBusHomePageTestNGSuite1.java:74)
at java.base/java.util.concurrent.ThreadPoolExecutor.runWorker(ThreadPoolExecutor.java:1136)
at java.base/java.util.concurrent.ThreadPoolExecutor$Worker.run(ThreadPoolExecutor.java:635)
at java.base/java.lang.Thread.run(Thread.java:833)
Caused by: java.net.ConnectException: Failed to connect to localhost/[0:0:0:0:0:0:0:1]:37911
at okhttp3.internal.connection.RealConnection.connectSocket(RealConnection.java:247)
at okhttp3.internal.connection.RealConnection.connect(RealConnection.java:165)
at okhttp3.internal.connection.StreamAllocation.findConnection(StreamAllocation.java:257)
at okhttp3.internal.connection.StreamAllocation.findHealthyConnection(StreamAllocation.java:135)
at okhttp3.internal.connection.StreamAllocation.newStream(StreamAllocation.java:114)
at okhttp3.internal.connection.ConnectInterceptor.intercept(ConnectInterceptor.java:42)
at okhttp3.internal.http.RealInterceptorChain.proceed(RealInterceptorChain.java:147)
at okhttp3.internal.http.RealInterceptorChain.proceed(RealInterceptorChain.java:121)
at okhttp3.internal.cache.CacheInterceptor.intercept(CacheInterceptor.java:93)
at okhttp3.internal.http.RealInterceptorChain.proceed(RealInterceptorChain.java:147)
at okhttp3.internal.http.RealInterceptorChain.proceed(RealInterceptorChain.java:121)
at okhttp3.internal.http.BridgeInterceptor.intercept(BridgeInterceptor.java:93)
at okhttp3.internal.http.RealInterceptorChain.proceed(RealInterceptorChain.java:147)
at okhttp3.internal.http.RetryAndFollowUpInterceptor.intercept(RetryAndFollowUpInterceptor.java:126)
at okhttp3.internal.http.RealInterceptorChain.proceed(RealInterceptorChain.java:147)
at okhttp3.internal.http.RealInterceptorChain.proceed(RealInterceptorChain.java:121)
at okhttp3.RealCall.getResponseWithInterceptorChain(RealCall.java:200)
at okhttp3.RealCall.execute(RealCall.java:77)
at org.openqa.selenium.remote.internal.OkHttpClient.execute(OkHttpClient.java:103)
at org.openqa.selenium.remote.HttpCommandExecutor.execute(HttpCommandExecutor.java:155)
at org.openqa.selenium.remote.service.DriverCommandExecutor.execute(DriverCommandExecutor.java:83)
... 20 more
Caused by: java.net.ConnectException: Connection refused: no further information
at java.base/sun.nio.ch.Net.pollConnect(Native Method)
at java.base/sun.nio.ch.Net.pollConnectNow(Net.java:672)
at java.base/sun.nio.ch.NioSocketImpl.timedFinishConnect(NioSocketImpl.java:539)
at java.base/sun.nio.ch.NioSocketImpl.connect(NioSocketImpl.java:594)
at java.base/java.net.SocksSocketImpl.connect(SocksSocketImpl.java:327)
at java.base/java.net.Socket.connect(Socket.java:633)
at okhttp3.internal.platform.Platform.connectSocket(Platform.java:129)
at okhttp3.internal.connection.RealConnection.connectSocket(RealConnection.java:245)
... 40 more
... Removed 14 stack frames]]>
    </failure>
  </testcase> <!-- @BeforeMethod redBusHomePage -->
  <testcase classname="redBusTestNG.RedBusHomePageTestNGSuite1" name="@AfterMethod goTOHomePage" time="-1.675960560855E9">
    <skipped/>
  </testcase> <!-- @AfterMethod goTOHomePage -->
  <testcase classname="redBusTestNG.RedBusHomePageTestNGSuite1" name="@BeforeMethod redBusHomePage" time="-1.675960560856E9">
    <skipped/>
  </testcase> <!-- @BeforeMethod redBusHomePage -->
  <testcase classname="redBusTestNG.RedBusHomePageTestNGSuite1" name="@AfterMethod goTOHomePage" time="-1.675960560857E9">
    <skipped/>
  </testcase> <!-- @AfterMethod goTOHomePage -->
  <testcase classname="redBusTestNG.RedBusHomePageTestNGSuite1" name="@BeforeMethod redBusHomePage" time="-1.675960560857E9">
    <skipped/>
  </testcase> <!-- @BeforeMethod redBusHomePage -->
  <testcase classname="redBusTestNG.RedBusHomePageTestNGSuite1" name="@AfterMethod goTOHomePage" time="-1.675960560859E9">
    <skipped/>
  </testcase> <!-- @AfterMethod goTOHomePage -->
  <testcase classname="redBusTestNG.RedBusHomePageTestNGSuite1" name="@AfterClass clearPOMObj" time="-1.675960560859E9">
    <skipped/>
  </testcase> <!-- @AfterClass clearPOMObj -->
  <testcase classname="redBusTestNG.RedBusHomePageTestNGSuite1" name="@AfterTest closedBrowser" time="-1.67596056086E9">
    <skipped/>
  </testcase> <!-- @AfterTest closedBrowser -->
  <testcase classname="redBusTestNG.RedBusHomePageTestNGSuite2" name="@AfterTest closedBrowser" time="-1.67596056086E9">
    <skipped/>
  </testcase> <!-- @AfterTest closedBrowser -->
  <testcase classname="redBusTestNG.RedBusHomePageTestNGSuite2" name="toverifyChennaiBusTicketsLink" time="0.0">
    <skipped/>
  </testcase> <!-- toverifyChennaiBusTicketsLink -->
  <testcase classname="redBusTestNG.RedBusHomePageTestNGSuite2" name="toVerifyBrandTrustReportLink" time="0.0">
    <skipped/>
  </testcase> <!-- toVerifyBrandTrustReportLink -->
  <testcase classname="redBusTestNG.RedBusHomePageTestNGSuite2" name="toVerifyPuneBusTicketsLink" time="0.0">
    <skipped/>
  </testcase> <!-- toVerifyPuneBusTicketsLink -->
  <testcase classname="redBusTestNG.RedBusHomePageTestNGSuite1" name="toVerifyBangloreBusTicketsLink" time="0.0">
    <skipped/>
  </testcase> <!-- toVerifyBangloreBusTicketsLink -->
  <testcase classname="redBusTestNG.RedBusHomePageTestNGSuite1" name="toVerifyHydrabadBusTicketsLink" time="0.0">
    <skipped/>
  </testcase> <!-- toVerifyHydrabadBusTicketsLink -->
  <testcase classname="redBusTestNG.RedBusHomePageTestNGSuite1" name="SearchBus" time="0.0">
    <skipped/>
  </testcase> <!-- SearchBus -->
</testsuite> <!-- ChromeTest(failed) -->
